0 info it worked if it ends with ok
1 verbose cli [ 'node', '/usr/local/bin/npm', 'install' ]
2 info using npm@1.1.62
3 info using node@v0.8.11
4 verbose read json /Users/paul/Downloads/hw7/package.json
5 error install Couldn't read dependencies
6 error Error: invalid version: 1
6 error     at validVersion (/usr/local/lib/node_modules/npm/node_modules/read-package-json/read-json.js:529:40)
6 error     at final (/usr/local/lib/node_modules/npm/node_modules/read-package-json/read-json.js:289:23)
6 error     at /usr/local/lib/node_modules/npm/node_modules/read-package-json/read-json.js:119:33
6 error     at cb (/usr/local/lib/node_modules/npm/node_modules/slide/lib/async-map.js:48:11)
6 error     at /usr/local/lib/node_modules/npm/node_modules/read-package-json/read-json.js:233:59
6 error     at Glob.<anonymous> (/usr/local/lib/node_modules/npm/node_modules/glob/glob.js:91:7)
6 error     at Glob.EventEmitter.emit (events.js:93:17)
6 error     at Glob._processEmitQueue (/usr/local/lib/node_modules/npm/node_modules/glob/glob.js:270:10)
6 error     at Glob.emitMatch (/usr/local/lib/node_modules/npm/node_modules/glob/glob.js:255:8)
6 error     at Glob._finish (/usr/local/lib/node_modules/npm/node_modules/glob/glob.js:217:8)
7 error If you need help, you may report this log at:
7 error     <http://github.com/isaacs/npm/issues>
7 error or email it to:
7 error     <npm-@googlegroups.com>
8 error System Darwin 12.2.0
9 error command "node" "/usr/local/bin/npm" "install"
10 error cwd /Users/paul/Downloads/hw7
11 error node -v v0.8.11
12 error npm -v 1.1.62
13 verbose exit [ 1, true ]
